Traceback (most recent call last):
  File "C:\Anaconda\lib\site-packages\spyderlib\spyder.py", line 2346, in main
    mainwindow = run_spyder(app, options, args)
  File "C:\Anaconda\lib\site-packages\spyderlib\spyder.py", line 2234, in run_spyder
    main.setup()
  File "C:\Anaconda\lib\site-packages\spyderlib\spyder.py", line 882, in setup
    from spyderlib.plugins.ipythonconsole import IPythonConsole
  File "C:\Anaconda\lib\site-packages\spyderlib\plugins\ipythonconsole.py", line 32, in <module>
    from IPython.lib.kernel import find_connection_file, get_connection_info
  File "C:\Anaconda\lib\site-packages\IPython\lib\kernel.py", line 11, in <module>
    from IPython.kernel.connect import *
  File "C:\Anaconda\lib\site-packages\IPython\kernel\__init__.py", line 4, in <module>
    from . import zmq
  File "C:\Anaconda\lib\site-packages\IPython\kernel\zmq\__init__.py", line 14, in <module>
    check_for_zmq('2.1.11', 'IPython.kernel.zmq')
  File "C:\Anaconda\lib\site-packages\IPython\utils\zmqrelated.py", line 35, in check_for_zmq
    import zmq
  File "C:\Anaconda\lib\site-packages\zmq\__init__.py", line 49, in <module>
    from zmq.backend import *
  File "C:\Anaconda\lib\site-packages\zmq\backend\__init__.py", line 41, in <module>
    reraise(*exc_info)
  File "C:\Anaconda\lib\site-packages\zmq\backend\__init__.py", line 29, in <module>
    _ns = select_backend(first)
  File "C:\Anaconda\lib\site-packages\zmq\backend\select.py", line 38, in select_backend
    ns[key] = getattr(mod, key)
AttributeError: 'module' object has no attribute 'has'
